<?xml version="1.0" encoding="UTF-8"?>
<!-- Generated by org.testng.reporters.JUnitXMLReporter -->
<testsuite hostname="DESKTOP-NKG6J0Q" name="Test" tests="5" failures="2" timestamp="20 Jan 2021 09:54:35 GMT" time="27.329" errors="0">
  <testcase name="loginPageLogoTest" time="0.158" classname="com.OrangeHRM.LoginPageTest"/>
  <testcase name="loginPagevalidtest" time="0.018" classname="com.OrangeHRM.LoginPageTest"/>
  <testcase name="logintest" time="4.802" classname="com.OrangeHRM.LoginPageTest">
    <failure type="java.io.IOException" message="Destination &amp;apos;D:\JavaProgrammes\Home\mahesh\ss\20\01&amp;apos; directory cannot be created">
      <![CDATA[java.io.IOException: Destination 'D:\JavaProgrammes\Home\mahesh\ss\20\01' directory cannot be created
	at org.apache.commons.io.FileUtils.copyFile(FileUtils.java:1070)
	at org.apache.commons.io.FileUtils.copyFile(FileUtils.java:1028)
	at com.OrangeHRM.LoginPageTest.logintest(LoginPageTest.java:84)
... Removed 24 stack frames]]>
    </failure>
  </testcase> <!-- logintest -->
  <testcase name="logintest" time="7.281" classname="com.OrangeHRM.LoginPageTest"/>
  <testcase name="logintest" time="4.616" classname="com.OrangeHRM.LoginPageTest">
    <failure type="java.io.IOException" message="Destination &amp;apos;D:\JavaProgrammes\Home\mahesh\ss\20\01&amp;apos; directory cannot be created">
      <![CDATA[java.io.IOException: Destination 'D:\JavaProgrammes\Home\mahesh\ss\20\01' directory cannot be created
	at org.apache.commons.io.FileUtils.copyFile(FileUtils.java:1070)
	at org.apache.commons.io.FileUtils.copyFile(FileUtils.java:1028)
	at com.OrangeHRM.LoginPageTest.logintest(LoginPageTest.java:84)
... Removed 24 stack frames]]>
    </failure>
  </testcase> <!-- logintest -->
</testsuite> <!-- Test -->
