<?xml version="1.0" encoding="UTF-8"?>
<testng-results skipped="0" failed="0" total="2" passed="2">
  <reporter-output>
  </reporter-output>
  <suite name="Default suite" duration-ms="50146" started-at="2021-01-20T10:19:51Z" finished-at="2021-01-20T10:20:41Z">
    <groups>
    </groups>
    <test name="Default test" duration-ms="50146" started-at="2021-01-20T10:19:51Z" finished-at="2021-01-20T10:20:41Z">
      <class name="com.OrangeHRM.EmployeepagelistTest">
        <test-method status="PASS" signature="extentReports()[pri:0, instance:com.OrangeHRM.EmployeepagelistTest@2d928643]" name="extentReports" is-config="true" duration-ms="223" started-at="2021-01-20T02:19:51Z" finished-at="2021-01-20T02:19:51Z">
          <reporter-output>
          </reporter-output>
        </test-method> <!-- extentReports -->
        <test-method status="PASS" signature="setup()[pri:0, instance:com.OrangeHRM.EmployeepagelistTest@2d928643]" name="setup" is-config="true" duration-ms="13042" started-at="2021-01-20T02:19:51Z" finished-at="2021-01-20T02:20:04Z">
          <reporter-output>
          </reporter-output>
        </test-method> <!-- setup -->
        <test-method status="PASS" signature="addempleelistlabletest()[pri:1, instance:com.OrangeHRM.EmployeepagelistTest@2d928643]" name="addempleelistlabletest" duration-ms="10822" started-at="2021-01-20T02:20:04Z" finished-at="2021-01-20T02:20:15Z">
          <reporter-output>
          </reporter-output>
        </test-method> <!-- addempleelistlabletest -->
        <test-method status="PASS" signature="empleelistTest()[pri:2, instance:com.OrangeHRM.EmployeepagelistTest@2d928643]" name="empleelistTest" duration-ms="24589" started-at="2021-01-20T02:20:15Z" finished-at="2021-01-20T02:20:40Z">
          <reporter-output>
          </reporter-output>
        </test-method> <!-- empleelistTest -->
        <test-method status="PASS" signature="teardown()[pri:0, instance:com.OrangeHRM.EmployeepagelistTest@2d928643]" name="teardown" is-config="true" duration-ms="1676" started-at="2021-01-20T02:20:40Z" finished-at="2021-01-20T02:20:41Z">
          <reporter-output>
          </reporter-output>
        </test-method> <!-- teardown -->
      </class> <!-- com.OrangeHRM.EmployeepagelistTest -->
    </test> <!-- Default test -->
  </suite> <!-- Default suite -->
</testng-results>
